Início do script em: 2025-10-03 14:53:42
ls: cannot access 'arquivo_inexistente.txt': No such file or directory
Início do script em: 2025-10-03 14:54:13
ls: cannot access 'arquivo_inexistente.txt': No such file or directory
Início do script em: 2025-10-03 14:53:42
ls: cannot access 'arquivo_inexistente.txt': No such file or directory
Início do script em: 2025-10-03 14:54:13
ls: cannot access 'arquivo_inexistente.txt': No such file or directory
Início do script em: 2025-10-03 14:54:32
ls: cannot access 'arquivo_inexistente.txt': No such file or directory
Fim do script em: 2025-10-03 14:54:32
Início do script em: 2025-10-03 14:53:42
ls: cannot access 'arquivo_inexistente.txt': No such file or directory
Início do script em: 2025-10-03 14:54:13
ls: cannot access 'arquivo_inexistente.txt': No such file or directory
Início do script em: 2025-10-03 14:53:42
ls: cannot access 'arquivo_inexistente.txt': No such file or directory
Início do script em: 2025-10-03 14:54:13
ls: cannot access 'arquivo_inexistente.txt': No such file or directory
Início do script em: 2025-10-03 14:54:32
ls: cannot access 'arquivo_inexistente.txt': No such file or directory
Fim do script em: 2025-10-03 14:54:32
Início do script em: 2025-10-09 10:43:18
ls: cannot access './files/arquivo_inexistente.txt': No such file or directory
Fim do script em: 2025-10-09 10:43:18
./01-50/047.sh: line 23: s: command not found
Início do script em: 2025-10-03 14:53:42
ls: cannot access 'arquivo_inexistente.txt': No such file or directory
Início do script em: 2025-10-03 14:54:13
ls: cannot access 'arquivo_inexistente.txt': No such file or directory
Início do script em: 2025-10-03 14:53:42
ls: cannot access 'arquivo_inexistente.txt': No such file or directory
Início do script em: 2025-10-03 14:54:13
ls: cannot access 'arquivo_inexistente.txt': No such file or directory
Início do script em: 2025-10-03 14:54:32
ls: cannot access 'arquivo_inexistente.txt': No such file or directory
Fim do script em: 2025-10-03 14:54:32
Início do script em: 2025-10-03 14:53:42
ls: cannot access 'arquivo_inexistente.txt': No such file or directory
Início do script em: 2025-10-03 14:54:13
ls: cannot access 'arquivo_inexistente.txt': No such file or directory
Início do script em: 2025-10-03 14:53:42
ls: cannot access 'arquivo_inexistente.txt': No such file or directory
Início do script em: 2025-10-03 14:54:13
ls: cannot access 'arquivo_inexistente.txt': No such file or directory
Início do script em: 2025-10-03 14:54:32
ls: cannot access 'arquivo_inexistente.txt': No such file or directory
Fim do script em: 2025-10-03 14:54:32
Início do script em: 2025-10-09 10:43:18
ls: cannot access './files/arquivo_inexistente.txt': No such file or directory
Fim do script em: 2025-10-09 10:43:18
./01-50/047.sh: line 23: s: command not found
